2026-04-29 16:14:37 [INFO] CYBER ZONE сервер инициализирован. Log: C:\Users\MaXoN\Desktop\ДЗ\6 сем\СИКП\Python_club_sim\simulation.log
2026-04-29 16:15:34 [INFO] CYBER ZONE сервер инициализирован. Log: C:\Users\MaXoN\Desktop\ДЗ\6 сем\СИКП\Python_club_sim\simulation.log
2026-04-29 16:18:02 [INFO] CYBER ZONE сервер инициализирован. Log: C:\Users\MaXoN\Desktop\ДЗ\6 сем\СИКП\Python_club_sim\simulation.log
2026-04-29 16:18:02 [INFO] FastAPI lifespan: запуск симуляционного цикла
2026-04-29 16:18:31 [INFO] FastAPI lifespan: симуляционный цикл остановлен
2026-04-29 16:18:32 [INFO] CYBER ZONE сервер инициализирован. Log: C:\Users\MaXoN\Desktop\ДЗ\6 сем\СИКП\Python_club_sim\simulation.log
2026-04-29 16:18:33 [INFO] FastAPI lifespan: запуск симуляционного цикла
2026-04-29 16:18:46 [INFO] WS подключён: client#2765658917568 (всего: 1)
2026-04-29 16:18:48 [INFO] Симуляция запущена. День 1
2026-04-29 16:19:01 [INFO] Скорость изменена: 60×
2026-04-29 16:19:24 [INFO] День 1 завершён. Выручка: 55856₽, Расходы: 950₽
2026-04-29 16:19:57 [INFO] Симуляция: продолжение
2026-04-29 16:19:58 [INFO] Новый день: 2
2026-04-29 16:20:01 [INFO] Скорость изменена: 2×
2026-04-29 16:20:07 [INFO] Скорость изменена: 5×
2026-04-29 16:20:36 [INFO] Симуляция: пауза
2026-04-29 16:21:02 [INFO] Симуляция: продолжение
2026-04-29 16:21:03 [INFO] Скорость изменена: 60×
2026-04-29 16:21:19 [INFO] Скорость изменена: 1×
2026-04-29 16:21:38 [INFO] День 2 завершён. Выручка: 54824₽, Расходы: 1570₽
2026-04-29 16:22:33 [INFO] WS отключён: client#2765658917568 (всего: 0)
2026-04-29 16:22:37 [INFO] FastAPI lifespan: симуляционный цикл остановлен
